<?xml version="1.0" encoding="UTF-8"?>
<!-- Generated by org.testng.reporters.JUnitReportReporter -->
<testsuite hostname="ASMs-MacBook-Pro.local" failures="0" tests="1" name="apiRestAssured.PostAppTest" time="1.963" errors="0" timestamp="2022-08-18T11:50:30 EDT" skipped="0">
  <testcase classname="apiRestAssured.PostAppTest" name="checkStatusCode1" time="1.963"/>
  <system-out/>
</testsuite> <!-- apiRestAssured.PostAppTest -->
