<?xml version="1.0" encoding="UTF-8"?>
<!-- Generated by org.testng.reporters.JUnitReportReporter -->
<testsuite hostname="ASMs-MacBook-Pro.local" failures="0" tests="1" name="testScenarios.AppTest" time="0.156" errors="0" timestamp="2022-08-17T22:04:14 EDT" skipped="0">
  <testcase classname="testScenarios.AppTest" name="testScenarioOne" time="0.156"/>
  <system-out/>
</testsuite> <!-- testScenarios.AppTest -->
