<?xml version="1.0" encoding="UTF-8"?>
<!-- Generated by org.testng.reporters.JUnitReportReporter -->
<testsuite hostname="ASMs-MacBook-Pro.local" failures="0" tests="1" name="apiRestAssured.ApiTest" time="0.553" errors="0" timestamp="2022-08-19T20:40:24 EDT" skipped="0">
  <testcase classname="apiRestAssured.ApiTest" name="getDetails" time="0.553"/>
  <system-out/>
</testsuite> <!-- apiRestAssured.ApiTest -->
