<?xml version="1.0" encoding="UTF-8"?>
<!-- Generated by org.testng.reporters.JUnitReportReporter -->
<testsuite hostname="ASMs-MacBook-Pro.local" failures="0" tests="1" name="apiRestAssured.ApiTest" time="0.006" errors="0" timestamp="2022-08-18T08:25:17 EDT" skipped="0">
  <testcase classname="apiRestAssured.ApiTest" name="checkContentType" time="0.006"/>
  <system-out/>
</testsuite> <!-- apiRestAssured.ApiTest -->
