<?xml version="1.0" encoding="UTF-8"?>
<!-- Generated by org.testng.reporters.JUnitReportReporter -->
<testsuite hostname="ASMs-MacBook-Pro.local" failures="0" tests="1" name="apiRestAssured.PostApiTest" time="0.162" errors="0" timestamp="2022-08-22T11:13:58 EDT" skipped="0">
  <testcase classname="apiRestAssured.PostApiTest" name="verifyEmployeeOnleave" time="0.162"/>
  <system-out/>
</testsuite> <!-- apiRestAssured.PostApiTest -->
