<?xml version="1.0" encoding="UTF-8"?>
<!-- Generated by org.testng.reporters.JUnitReportReporter -->
<testsuite hostname="ASMs-MacBook-Pro.local" failures="0" tests="1" name="testScenarios.AppTest" time="5.364" errors="0" timestamp="2022-08-18T00:17:32 EDT" skipped="0">
  <testcase classname="testScenarios.AppTest" name="testScenarioOne" time="5.364"/>
  <system-out/>
</testsuite> <!-- testScenarios.AppTest -->
